<?xml version="1.0" encoding="UTF-8"?>
<robot generator="Robot 3.1.1 (Python 3.7.1 on win32)" generated="20190302 21:33:35.796" rpa="false">
<suite id="s1" name="TestCases" source="C:\Users\Kikkoman\Google Drive\WORK\Auto1\TestCases.robot">
<kw name="Open URL Locally" type="setup">
<kw name="Open Browser" library="SeleniumLibrary">
<doc>Opens a new browser instance to the given ``url``.</doc>
<arguments>
<arg>https://www.autohero.com/de/search/</arg>
<arg>chrome</arg>
</arguments>
<msg timestamp="20190302 21:33:36.138" level="INFO">Opening browser 'chrome' to base url 'https://www.autohero.com/de/search/'.</msg>
<status status="PASS" starttime="20190302 21:33:36.138" endtime="20190302 21:33:42.468"></status>
</kw>
<kw name="Maximize Browser Window" library="SeleniumLibrary">
<doc>Maximizes current browser window.</doc>
<status status="PASS" starttime="20190302 21:33:42.469" endtime="20190302 21:33:43.607"></status>
</kw>
<status status="PASS" starttime="20190302 21:33:36.137" endtime="20190302 21:33:43.607"></status>
</kw>
<test id="s1-t1" name="TC1 - Check Filters on Advanced Searh Page">
<kw name="Given Open URL AutoHero">
<kw name="Go To" library="SeleniumLibrary">
<doc>Navigates the active browser instance to the provided ``url``.</doc>
<arguments>
<arg>https://www.autohero.com/de/search/</arg>
</arguments>
<msg timestamp="20190302 21:33:43.620" level="INFO">Opening url 'https://www.autohero.com/de/search/'</msg>
<status status="PASS" starttime="20190302 21:33:43.619" endtime="20190302 21:33:45.887"></status>
</kw>
<status status="PASS" starttime="20190302 21:33:43.619" endtime="20190302 21:33:45.888"></status>
</kw>
<kw name="And User is on Advanced Search Page">
<kw name="Sleep" library="BuiltIn">
<doc>Pauses the test executed for the given time.</doc>
<arguments>
<arg>5s</arg>
</arguments>
<msg timestamp="20190302 21:33:50.904" level="INFO">Slept 5 seconds</msg>
<status status="PASS" starttime="20190302 21:33:45.901" endtime="20190302 21:33:50.904"></status>
</kw>
<kw name="Click Element" library="SeleniumLibrary">
<doc>Click element identified by ``locator``.</doc>
<arguments>
<arg>//button[contains(text(),'Erweiterte Suche')]</arg>
</arguments>
<msg timestamp="20190302 21:33:50.905" level="INFO">Clicking element '//button[contains(text(),'Erweiterte Suche')]'.</msg>
<status status="PASS" starttime="20190302 21:33:50.904" endtime="20190302 21:33:51.396"></status>
</kw>
<kw name="Wait Until Element Is Visible" library="SeleniumLibrary">
<doc>Waits until element ``locator`` is visible.</doc>
<arguments>
<arg>//span[contains(text(),'Erstzulassung ab')]</arg>
</arguments>
<status status="PASS" starttime="20190302 21:33:51.397" endtime="20190302 21:33:51.529"></status>
</kw>
<status status="PASS" starttime="20190302 21:33:45.900" endtime="20190302 21:33:51.529"></status>
</kw>
<kw name="When User Select Filter for First registration">
<kw name="Click Element" library="SeleniumLibrary">
<doc>Click element identified by ``locator``.</doc>
<arguments>
<arg>//span[contains(text(),'Erstzulassung ab')]</arg>
</arguments>
<msg timestamp="20190302 21:33:51.532" level="INFO">Clicking element '//span[contains(text(),'Erstzulassung ab')]'.</msg>
<status status="PASS" starttime="20190302 21:33:51.532" endtime="20190302 21:33:51.685"></status>
</kw>
<kw name="Wait Until Element Is Visible" library="SeleniumLibrary">
<doc>Waits until element ``locator`` is visible.</doc>
<arguments>
<arg>//select[@name='yearRange.min']/*[text()='2014']</arg>
</arguments>
<status status="PASS" starttime="20190302 21:33:51.686" endtime="20190302 21:33:51.745"></status>
</kw>
<kw name="Click Element" library="SeleniumLibrary">
<doc>Click element identified by ``locator``.</doc>
<arguments>
<arg>//select[@name='yearRange.min']/*[text()='2014']</arg>
</arguments>
<msg timestamp="20190302 21:33:51.745" level="INFO">Clicking element '//select[@name='yearRange.min']/*[text()='2014']'.</msg>
<status status="PASS" starttime="20190302 21:33:51.745" endtime="20190302 21:33:51.940"></status>
</kw>
<kw name="Sleep" library="BuiltIn">
<doc>Pauses the test executed for the given time.</doc>
<arguments>
<arg>3s</arg>
</arguments>
<msg timestamp="20190302 21:33:54.942" level="INFO">Slept 3 seconds</msg>
<status status="PASS" starttime="20190302 21:33:51.940" endtime="20190302 21:33:54.942"></status>
</kw>
<kw name="Click Element" library="SeleniumLibrary">
<doc>Click element identified by ``locator``.</doc>
<arguments>
<arg>//a[contains(text(),'Ergebnisse')]</arg>
</arguments>
<msg timestamp="20190302 21:33:54.943" level="INFO">Clicking element '//a[contains(text(),'Ergebnisse')]'.</msg>
<status status="PASS" starttime="20190302 21:33:54.942" endtime="20190302 21:33:55.625"></status>
</kw>
<status status="PASS" starttime="20190302 21:33:51.532" endtime="20190302 21:33:55.625"></status>
</kw>
<kw name="And User Select Filter for Price Decsending">
<kw name="Wait Until Element Is Visible" library="SeleniumLibrary">
<doc>Waits until element ``locator`` is visible.</doc>
<arguments>
<arg>//select[contains(@name,'sort')]</arg>
</arguments>
<status status="PASS" starttime="20190302 21:33:55.627" endtime="20190302 21:33:55.808"></status>
</kw>
<kw name="Click Element" library="SeleniumLibrary">
<doc>Click element identified by ``locator``.</doc>
<arguments>
<arg>//select[contains(@name,'sort')]</arg>
</arguments>
<msg timestamp="20190302 21:33:55.809" level="INFO">Clicking element '//select[contains(@name,'sort')]'.</msg>
<status status="PASS" starttime="20190302 21:33:55.809" endtime="20190302 21:33:56.464"></status>
</kw>
<kw name="Sleep" library="BuiltIn">
<doc>Pauses the test executed for the given time.</doc>
<arguments>
<arg>2s</arg>
</arguments>
<msg timestamp="20190302 21:33:58.466" level="INFO">Slept 2 seconds</msg>
<status status="PASS" starttime="20190302 21:33:56.465" endtime="20190302 21:33:58.466"></status>
</kw>
<kw name="Click Element" library="SeleniumLibrary">
<doc>Click element identified by ``locator``.</doc>
<arguments>
<arg>//*[text()='Höchster Preis']</arg>
</arguments>
<msg timestamp="20190302 21:33:58.467" level="INFO">Clicking element '//*[text()='Höchster Preis']'.</msg>
<status status="PASS" starttime="20190302 21:33:58.466" endtime="20190302 21:33:58.774"></status>
</kw>
<status status="PASS" starttime="20190302 21:33:55.626" endtime="20190302 21:33:58.774"></status>
</kw>
<kw name="Then Verify all cars are filtered by First Registration">
<kw name="Sleep" library="BuiltIn">
<doc>Pauses the test executed for the given time.</doc>
<arguments>
<arg>3s</arg>
</arguments>
<msg timestamp="20190302 21:34:01.782" level="INFO">Slept 3 seconds</msg>
<status status="PASS" starttime="20190302 21:33:58.781" endtime="20190302 21:34:01.782"></status>
</kw>
<kw name="Get WebElements" library="SeleniumLibrary">
<doc>Returns list of WebElement objects matching the ``locator``.</doc>
<arguments>
<arg>//*[contains(@class,'specItem___')][1]</arg>
</arguments>
<assign>
<var>@{locators}</var>
</assign>
<msg timestamp="20190302 21:34:01.830" level="INFO">@{locators} = [ &lt;selenium.webdriver.remote.webelement.WebElement (session="76a0880fab8ec87878408e2b8919142b", element="0.41694077529439744-7")&gt; | &lt;selenium.webdriver.remote.webelement.WebElement (session="76a0880fa...</msg>
<status status="PASS" starttime="20190302 21:34:01.782" endtime="20190302 21:34:01.830"></status>
</kw>
<kw name="Create List" library="BuiltIn">
<doc>Returns a list containing given items.</doc>
<assign>
<var>${result}</var>
</assign>
<msg timestamp="20190302 21:34:01.831" level="INFO">${result} = []</msg>
<status status="PASS" starttime="20190302 21:34:01.830" endtime="20190302 21:34:01.831"></status>
</kw>
<kw name="${locator} IN [ @{locators} ]" type="for">
<kw name="${locator} = &lt;selenium.webdriver.remote.webelement.WebElement (session=&quot;76a0880fab8ec87878408e2b8919142b&quot;, element=&quot;0.41694077529439744-7&quot;)&gt;" type="foritem">
<kw name="Get Text" library="SeleniumLibrary">
<doc>Returns the text value of element identified by ``locator``.</doc>
<arguments>
<arg>${locator}</arg>
</arguments>
<assign>
<var>${name}</var>
</assign>
<msg timestamp="20190302 21:34:01.866" level="INFO">${name} = •
07/2016</msg>
<status status="PASS" starttime="20190302 21:34:01.831" endtime="20190302 21:34:01.866"></status>
</kw>
<kw name="Append To List" library="Collections">
<doc>Adds ``values`` to the end of ``list``.</doc>
<arguments>
<arg>${result}</arg>
<arg>${name}</arg>
</arguments>
<status status="PASS" starttime="20190302 21:34:01.866" endtime="20190302 21:34:01.867"></status>
</kw>
<status status="PASS" starttime="20190302 21:34:01.831" endtime="20190302 21:34:01.867"></status>
</kw>
<kw name="${locator} = &lt;selenium.webdriver.remote.webelement.WebElement (session=&quot;76a0880fab8ec87878408e2b8919142b&quot;, element=&quot;0.41694077529439744-8&quot;)&gt;" type="foritem">
<kw name="Get Text" library="SeleniumLibrary">
<doc>Returns the text value of element identified by ``locator``.</doc>
<arguments>
<arg>${locator}</arg>
</arguments>
<assign>
<var>${name}</var>
</assign>
<msg timestamp="20190302 21:34:01.895" level="INFO">${name} = •
05/2016</msg>
<status status="PASS" starttime="20190302 21:34:01.867" endtime="20190302 21:34:01.895"></status>
</kw>
<kw name="Append To List" library="Collections">
<doc>Adds ``values`` to the end of ``list``.</doc>
<arguments>
<arg>${result}</arg>
<arg>${name}</arg>
</arguments>
<status status="PASS" starttime="20190302 21:34:01.895" endtime="20190302 21:34:01.895"></status>
</kw>
<status status="PASS" starttime="20190302 21:34:01.867" endtime="20190302 21:34:01.895"></status>
</kw>
<kw name="${locator} = &lt;selenium.webdriver.remote.webelement.WebElement (session=&quot;76a0880fab8ec87878408e2b8919142b&quot;, element=&quot;0.41694077529439744-9&quot;)&gt;" type="foritem">
<kw name="Get Text" library="SeleniumLibrary">
<doc>Returns the text value of element identified by ``locator``.</doc>
<arguments>
<arg>${locator}</arg>
</arguments>
<assign>
<var>${name}</var>
</assign>
<msg timestamp="20190302 21:34:01.927" level="INFO">${name} = •
04/2016</msg>
<status status="PASS" starttime="20190302 21:34:01.896" endtime="20190302 21:34:01.927"></status>
</kw>
<kw name="Append To List" library="Collections">
<doc>Adds ``values`` to the end of ``list``.</doc>
<arguments>
<arg>${result}</arg>
<arg>${name}</arg>
</arguments>
<status status="PASS" starttime="20190302 21:34:01.927" endtime="20190302 21:34:01.927"></status>
</kw>
<status status="PASS" starttime="20190302 21:34:01.896" endtime="20190302 21:34:01.927"></status>
</kw>
<kw name="${locator} = &lt;selenium.webdriver.remote.webelement.WebElement (session=&quot;76a0880fab8ec87878408e2b8919142b&quot;, element=&quot;0.41694077529439744-10&quot;)&gt;" type="foritem">
<kw name="Get Text" library="SeleniumLibrary">
<doc>Returns the text value of element identified by ``locator``.</doc>
<arguments>
<arg>${locator}</arg>
</arguments>
<assign>
<var>${name}</var>
</assign>
<msg timestamp="20190302 21:34:01.960" level="INFO">${name} = •
06/2017</msg>
<status status="PASS" starttime="20190302 21:34:01.928" endtime="20190302 21:34:01.960"></status>
</kw>
<kw name="Append To List" library="Collections">
<doc>Adds ``values`` to the end of ``list``.</doc>
<arguments>
<arg>${result}</arg>
<arg>${name}</arg>
</arguments>
<status status="PASS" starttime="20190302 21:34:01.960" endtime="20190302 21:34:01.961"></status>
</kw>
<status status="PASS" starttime="20190302 21:34:01.928" endtime="20190302 21:34:01.961"></status>
</kw>
<kw name="${locator} = &lt;selenium.webdriver.remote.webelement.WebElement (session=&quot;76a0880fab8ec87878408e2b8919142b&quot;, element=&quot;0.41694077529439744-11&quot;)&gt;" type="foritem">
<kw name="Get Text" library="SeleniumLibrary">
<doc>Returns the text value of element identified by ``locator``.</doc>
<arguments>
<arg>${locator}</arg>
</arguments>
<assign>
<var>${name}</var>
</assign>
<msg timestamp="20190302 21:34:01.987" level="INFO">${name} = •
05/2015</msg>
<status status="PASS" starttime="20190302 21:34:01.961" endtime="20190302 21:34:01.987"></status>
</kw>
<kw name="Append To List" library="Collections">
<doc>Adds ``values`` to the end of ``list``.</doc>
<arguments>
<arg>${result}</arg>
<arg>${name}</arg>
</arguments>
<status status="PASS" starttime="20190302 21:34:01.987" endtime="20190302 21:34:01.987"></status>
</kw>
<status status="PASS" starttime="20190302 21:34:01.961" endtime="20190302 21:34:01.987"></status>
</kw>
<kw name="${locator} = &lt;selenium.webdriver.remote.webelement.WebElement (session=&quot;76a0880fab8ec87878408e2b8919142b&quot;, element=&quot;0.41694077529439744-12&quot;)&gt;" type="foritem">
<kw name="Get Text" library="SeleniumLibrary">
<doc>Returns the text value of element identified by ``locator``.</doc>
<arguments>
<arg>${locator}</arg>
</arguments>
<assign>
<var>${name}</var>
</assign>
<msg timestamp="20190302 21:34:02.014" level="INFO">${name} = •
05/2017</msg>
<status status="PASS" starttime="20190302 21:34:01.988" endtime="20190302 21:34:02.014"></status>
</kw>
<kw name="Append To List" library="Collections">
<doc>Adds ``values`` to the end of ``list``.</doc>
<arguments>
<arg>${result}</arg>
<arg>${name}</arg>
</arguments>
<status status="PASS" starttime="20190302 21:34:02.014" endtime="20190302 21:34:02.015"></status>
</kw>
<status status="PASS" starttime="20190302 21:34:01.987" endtime="20190302 21:34:02.015"></status>
</kw>
<kw name="${locator} = &lt;selenium.webdriver.remote.webelement.WebElement (session=&quot;76a0880fab8ec87878408e2b8919142b&quot;, element=&quot;0.41694077529439744-13&quot;)&gt;" type="foritem">
<kw name="Get Text" library="SeleniumLibrary">
<doc>Returns the text value of element identified by ``locator``.</doc>
<arguments>
<arg>${locator}</arg>
</arguments>
<assign>
<var>${name}</var>
</assign>
<msg timestamp="20190302 21:34:02.041" level="INFO">${name} = •
06/2015</msg>
<status status="PASS" starttime="20190302 21:34:02.015" endtime="20190302 21:34:02.041"></status>
</kw>
<kw name="Append To List" library="Collections">
<doc>Adds ``values`` to the end of ``list``.</doc>
<arguments>
<arg>${result}</arg>
<arg>${name}</arg>
</arguments>
<status status="PASS" starttime="20190302 21:34:02.041" endtime="20190302 21:34:02.042"></status>
</kw>
<status status="PASS" starttime="20190302 21:34:02.015" endtime="20190302 21:34:02.042"></status>
</kw>
<kw name="${locator} = &lt;selenium.webdriver.remote.webelement.WebElement (session=&quot;76a0880fab8ec87878408e2b8919142b&quot;, element=&quot;0.41694077529439744-14&quot;)&gt;" type="foritem">
<kw name="Get Text" library="SeleniumLibrary">
<doc>Returns the text value of element identified by ``locator``.</doc>
<arguments>
<arg>${locator}</arg>
</arguments>
<assign>
<var>${name}</var>
</assign>
<msg timestamp="20190302 21:34:02.068" level="INFO">${name} = •
05/2017</msg>
<status status="PASS" starttime="20190302 21:34:02.042" endtime="20190302 21:34:02.068"></status>
</kw>
<kw name="Append To List" library="Collections">
<doc>Adds ``values`` to the end of ``list``.</doc>
<arguments>
<arg>${result}</arg>
<arg>${name}</arg>
</arguments>
<status status="PASS" starttime="20190302 21:34:02.069" endtime="20190302 21:34:02.069"></status>
</kw>
<status status="PASS" starttime="20190302 21:34:02.042" endtime="20190302 21:34:02.069"></status>
</kw>
<kw name="${locator} = &lt;selenium.webdriver.remote.webelement.WebElement (session=&quot;76a0880fab8ec87878408e2b8919142b&quot;, element=&quot;0.41694077529439744-15&quot;)&gt;" type="foritem">
<kw name="Get Text" library="SeleniumLibrary">
<doc>Returns the text value of element identified by ``locator``.</doc>
<arguments>
<arg>${locator}</arg>
</arguments>
<assign>
<var>${name}</var>
</assign>
<msg timestamp="20190302 21:34:02.097" level="INFO">${name} = •
10/2016</msg>
<status status="PASS" starttime="20190302 21:34:02.070" endtime="20190302 21:34:02.097"></status>
</kw>
<kw name="Append To List" library="Collections">
<doc>Adds ``values`` to the end of ``list``.</doc>
<arguments>
<arg>${result}</arg>
<arg>${name}</arg>
</arguments>
<status status="PASS" starttime="20190302 21:34:02.097" endtime="20190302 21:34:02.098"></status>
</kw>
<status status="PASS" starttime="20190302 21:34:02.069" endtime="20190302 21:34:02.098"></status>
</kw>
<kw name="${locator} = &lt;selenium.webdriver.remote.webelement.WebElement (session=&quot;76a0880fab8ec87878408e2b8919142b&quot;, element=&quot;0.41694077529439744-16&quot;)&gt;" type="foritem">
<kw name="Get Text" library="SeleniumLibrary">
<doc>Returns the text value of element identified by ``locator``.</doc>
<arguments>
<arg>${locator}</arg>
</arguments>
<assign>
<var>${name}</var>
</assign>
<msg timestamp="20190302 21:34:02.124" level="INFO">${name} = •
11/2017</msg>
<status status="PASS" starttime="20190302 21:34:02.098" endtime="20190302 21:34:02.125"></status>
</kw>
<kw name="Append To List" library="Collections">
<doc>Adds ``values`` to the end of ``list``.</doc>
<arguments>
<arg>${result}</arg>
<arg>${name}</arg>
</arguments>
<status status="PASS" starttime="20190302 21:34:02.125" endtime="20190302 21:34:02.125"></status>
</kw>
<status status="PASS" starttime="20190302 21:34:02.098" endtime="20190302 21:34:02.125"></status>
</kw>
<kw name="${locator} = &lt;selenium.webdriver.remote.webelement.WebElement (session=&quot;76a0880fab8ec87878408e2b8919142b&quot;, element=&quot;0.41694077529439744-17&quot;)&gt;" type="foritem">
<kw name="Get Text" library="SeleniumLibrary">
<doc>Returns the text value of element identified by ``locator``.</doc>
<arguments>
<arg>${locator}</arg>
</arguments>
<assign>
<var>${name}</var>
</assign>
<msg timestamp="20190302 21:34:02.153" level="INFO">${name} = •
10/2015</msg>
<status status="PASS" starttime="20190302 21:34:02.126" endtime="20190302 21:34:02.153"></status>
</kw>
<kw name="Append To List" library="Collections">
<doc>Adds ``values`` to the end of ``list``.</doc>
<arguments>
<arg>${result}</arg>
<arg>${name}</arg>
</arguments>
<status status="PASS" starttime="20190302 21:34:02.153" endtime="20190302 21:34:02.154"></status>
</kw>
<status status="PASS" starttime="20190302 21:34:02.126" endtime="20190302 21:34:02.154"></status>
</kw>
<kw name="${locator} = &lt;selenium.webdriver.remote.webelement.WebElement (session=&quot;76a0880fab8ec87878408e2b8919142b&quot;, element=&quot;0.41694077529439744-18&quot;)&gt;" type="foritem">
<kw name="Get Text" library="SeleniumLibrary">
<doc>Returns the text value of element identified by ``locator``.</doc>
<arguments>
<arg>${locator}</arg>
</arguments>
<assign>
<var>${name}</var>
</assign>
<msg timestamp="20190302 21:34:02.181" level="INFO">${name} = •
11/2016</msg>
<status status="PASS" starttime="20190302 21:34:02.154" endtime="20190302 21:34:02.181"></status>
</kw>
<kw name="Append To List" library="Collections">
<doc>Adds ``values`` to the end of ``list``.</doc>
<arguments>
<arg>${result}</arg>
<arg>${name}</arg>
</arguments>
<status status="PASS" starttime="20190302 21:34:02.181" endtime="20190302 21:34:02.182"></status>
</kw>
<status status="PASS" starttime="20190302 21:34:02.154" endtime="20190302 21:34:02.182"></status>
</kw>
<kw name="${locator} = &lt;selenium.webdriver.remote.webelement.WebElement (session=&quot;76a0880fab8ec87878408e2b8919142b&quot;, element=&quot;0.41694077529439744-19&quot;)&gt;" type="foritem">
<kw name="Get Text" library="SeleniumLibrary">
<doc>Returns the text value of element identified by ``locator``.</doc>
<arguments>
<arg>${locator}</arg>
</arguments>
<assign>
<var>${name}</var>
</assign>
<msg timestamp="20190302 21:34:02.208" level="INFO">${name} = •
03/2016</msg>
<status status="PASS" starttime="20190302 21:34:02.182" endtime="20190302 21:34:02.208"></status>
</kw>
<kw name="Append To List" library="Collections">
<doc>Adds ``values`` to the end of ``list``.</doc>
<arguments>
<arg>${result}</arg>
<arg>${name}</arg>
</arguments>
<status status="PASS" starttime="20190302 21:34:02.208" endtime="20190302 21:34:02.209"></status>
</kw>
<status status="PASS" starttime="20190302 21:34:02.182" endtime="20190302 21:34:02.209"></status>
</kw>
<kw name="${locator} = &lt;selenium.webdriver.remote.webelement.WebElement (session=&quot;76a0880fab8ec87878408e2b8919142b&quot;, element=&quot;0.41694077529439744-20&quot;)&gt;" type="foritem">
<kw name="Get Text" library="SeleniumLibrary">
<doc>Returns the text value of element identified by ``locator``.</doc>
<arguments>
<arg>${locator}</arg>
</arguments>
<assign>
<var>${name}</var>
</assign>
<msg timestamp="20190302 21:34:02.235" level="INFO">${name} = •
02/2016</msg>
<status status="PASS" starttime="20190302 21:34:02.209" endtime="20190302 21:34:02.235"></status>
</kw>
<kw name="Append To List" library="Collections">
<doc>Adds ``values`` to the end of ``list``.</doc>
<arguments>
<arg>${result}</arg>
<arg>${name}</arg>
</arguments>
<status status="PASS" starttime="20190302 21:34:02.235" endtime="20190302 21:34:02.236"></status>
</kw>
<status status="PASS" starttime="20190302 21:34:02.209" endtime="20190302 21:34:02.236"></status>
</kw>
<kw name="${locator} = &lt;selenium.webdriver.remote.webelement.WebElement (session=&quot;76a0880fab8ec87878408e2b8919142b&quot;, element=&quot;0.41694077529439744-21&quot;)&gt;" type="foritem">
<kw name="Get Text" library="SeleniumLibrary">
<doc>Returns the text value of element identified by ``locator``.</doc>
<arguments>
<arg>${locator}</arg>
</arguments>
<assign>
<var>${name}</var>
</assign>
<msg timestamp="20190302 21:34:02.262" level="INFO">${name} = •
12/2014</msg>
<status status="PASS" starttime="20190302 21:34:02.236" endtime="20190302 21:34:02.263"></status>
</kw>
<kw name="Append To List" library="Collections">
<doc>Adds ``values`` to the end of ``list``.</doc>
<arguments>
<arg>${result}</arg>
<arg>${name}</arg>
</arguments>
<status status="PASS" starttime="20190302 21:34:02.263" endtime="20190302 21:34:02.263"></status>
</kw>
<status status="PASS" starttime="20190302 21:34:02.236" endtime="20190302 21:34:02.263"></status>
</kw>
<kw name="${locator} = &lt;selenium.webdriver.remote.webelement.WebElement (session=&quot;76a0880fab8ec87878408e2b8919142b&quot;, element=&quot;0.41694077529439744-22&quot;)&gt;" type="foritem">
<kw name="Get Text" library="SeleniumLibrary">
<doc>Returns the text value of element identified by ``locator``.</doc>
<arguments>
<arg>${locator}</arg>
</arguments>
<assign>
<var>${name}</var>
</assign>
<msg timestamp="20190302 21:34:02.290" level="INFO">${name} = •
02/2016</msg>
<status status="PASS" starttime="20190302 21:34:02.264" endtime="20190302 21:34:02.290"></status>
</kw>
<kw name="Append To List" library="Collections">
<doc>Adds ``values`` to the end of ``list``.</doc>
<arguments>
<arg>${result}</arg>
<arg>${name}</arg>
</arguments>
<status status="PASS" starttime="20190302 21:34:02.290" endtime="20190302 21:34:02.291"></status>
</kw>
<status status="PASS" starttime="20190302 21:34:02.263" endtime="20190302 21:34:02.291"></status>
</kw>
<kw name="${locator} = &lt;selenium.webdriver.remote.webelement.WebElement (session=&quot;76a0880fab8ec87878408e2b8919142b&quot;, element=&quot;0.41694077529439744-23&quot;)&gt;" type="foritem">
<kw name="Get Text" library="SeleniumLibrary">
<doc>Returns the text value of element identified by ``locator``.</doc>
<arguments>
<arg>${locator}</arg>
</arguments>
<assign>
<var>${name}</var>
</assign>
<msg timestamp="20190302 21:34:02.317" level="INFO">${name} = •
06/2016</msg>
<status status="PASS" starttime="20190302 21:34:02.291" endtime="20190302 21:34:02.317"></status>
</kw>
<kw name="Append To List" library="Collections">
<doc>Adds ``values`` to the end of ``list``.</doc>
<arguments>
<arg>${result}</arg>
<arg>${name}</arg>
</arguments>
<status status="PASS" starttime="20190302 21:34:02.318" endtime="20190302 21:34:02.318"></status>
</kw>
<status status="PASS" starttime="20190302 21:34:02.291" endtime="20190302 21:34:02.318"></status>
</kw>
<kw name="${locator} = &lt;selenium.webdriver.remote.webelement.WebElement (session=&quot;76a0880fab8ec87878408e2b8919142b&quot;, element=&quot;0.41694077529439744-24&quot;)&gt;" type="foritem">
<kw name="Get Text" library="SeleniumLibrary">
<doc>Returns the text value of element identified by ``locator``.</doc>
<arguments>
<arg>${locator}</arg>
</arguments>
<assign>
<var>${name}</var>
</assign>
<msg timestamp="20190302 21:34:02.346" level="INFO">${name} = •
02/2018</msg>
<status status="PASS" starttime="20190302 21:34:02.319" endtime="20190302 21:34:02.347"></status>
</kw>
<kw name="Append To List" library="Collections">
<doc>Adds ``values`` to the end of ``list``.</doc>
<arguments>
<arg>${result}</arg>
<arg>${name}</arg>
</arguments>
<status status="PASS" starttime="20190302 21:34:02.347" endtime="20190302 21:34:02.347"></status>
</kw>
<status status="PASS" starttime="20190302 21:34:02.318" endtime="20190302 21:34:02.347"></status>
</kw>
<kw name="${locator} = &lt;selenium.webdriver.remote.webelement.WebElement (session=&quot;76a0880fab8ec87878408e2b8919142b&quot;, element=&quot;0.41694077529439744-25&quot;)&gt;" type="foritem">
<kw name="Get Text" library="SeleniumLibrary">
<doc>Returns the text value of element identified by ``locator``.</doc>
<arguments>
<arg>${locator}</arg>
</arguments>
<assign>
<var>${name}</var>
</assign>
<msg timestamp="20190302 21:34:02.375" level="INFO">${name} = •
10/2017</msg>
<status status="PASS" starttime="20190302 21:34:02.348" endtime="20190302 21:34:02.376"></status>
</kw>
<kw name="Append To List" library="Collections">
<doc>Adds ``values`` to the end of ``list``.</doc>
<arguments>
<arg>${result}</arg>
<arg>${name}</arg>
</arguments>
<status status="PASS" starttime="20190302 21:34:02.376" endtime="20190302 21:34:02.376"></status>
</kw>
<status status="PASS" starttime="20190302 21:34:02.347" endtime="20190302 21:34:02.376"></status>
</kw>
<kw name="${locator} = &lt;selenium.webdriver.remote.webelement.WebElement (session=&quot;76a0880fab8ec87878408e2b8919142b&quot;, element=&quot;0.41694077529439744-26&quot;)&gt;" type="foritem">
<kw name="Get Text" library="SeleniumLibrary">
<doc>Returns the text value of element identified by ``locator``.</doc>
<arguments>
<arg>${locator}</arg>
</arguments>
<assign>
<var>${name}</var>
</assign>
<msg timestamp="20190302 21:34:02.403" level="INFO">${name} = •
06/2017</msg>
<status status="PASS" starttime="20190302 21:34:02.377" endtime="20190302 21:34:02.403"></status>
</kw>
<kw name="Append To List" library="Collections">
<doc>Adds ``values`` to the end of ``list``.</doc>
<arguments>
<arg>${result}</arg>
<arg>${name}</arg>
</arguments>
<status status="PASS" starttime="20190302 21:34:02.403" endtime="20190302 21:34:02.404"></status>
</kw>
<status status="PASS" starttime="20190302 21:34:02.376" endtime="20190302 21:34:02.404"></status>
</kw>
<kw name="${locator} = &lt;selenium.webdriver.remote.webelement.WebElement (session=&quot;76a0880fab8ec87878408e2b8919142b&quot;, element=&quot;0.41694077529439744-27&quot;)&gt;" type="foritem">
<kw name="Get Text" library="SeleniumLibrary">
<doc>Returns the text value of element identified by ``locator``.</doc>
<arguments>
<arg>${locator}</arg>
</arguments>
<assign>
<var>${name}</var>
</assign>
<msg timestamp="20190302 21:34:02.435" level="INFO">${name} = •
12/2016</msg>
<status status="PASS" starttime="20190302 21:34:02.404" endtime="20190302 21:34:02.435"></status>
</kw>
<kw name="Append To List" library="Collections">
<doc>Adds ``values`` to the end of ``list``.</doc>
<arguments>
<arg>${result}</arg>
<arg>${name}</arg>
</arguments>
<status status="PASS" starttime="20190302 21:34:02.435" endtime="20190302 21:34:02.436"></status>
</kw>
<status status="PASS" starttime="20190302 21:34:02.404" endtime="20190302 21:34:02.436"></status>
</kw>
<kw name="${locator} = &lt;selenium.webdriver.remote.webelement.WebElement (session=&quot;76a0880fab8ec87878408e2b8919142b&quot;, element=&quot;0.41694077529439744-28&quot;)&gt;" type="foritem">
<kw name="Get Text" library="SeleniumLibrary">
<doc>Returns the text value of element identified by ``locator``.</doc>
<arguments>
<arg>${locator}</arg>
</arguments>
<assign>
<var>${name}</var>
</assign>
<msg timestamp="20190302 21:34:02.464" level="INFO">${name} = •
02/2016</msg>
<status status="PASS" starttime="20190302 21:34:02.436" endtime="20190302 21:34:02.464"></status>
</kw>
<kw name="Append To List" library="Collections">
<doc>Adds ``values`` to the end of ``list``.</doc>
<arguments>
<arg>${result}</arg>
<arg>${name}</arg>
</arguments>
<status status="PASS" starttime="20190302 21:34:02.465" endtime="20190302 21:34:02.465"></status>
</kw>
<status status="PASS" starttime="20190302 21:34:02.436" endtime="20190302 21:34:02.465"></status>
</kw>
<kw name="${locator} = &lt;selenium.webdriver.remote.webelement.WebElement (session=&quot;76a0880fab8ec87878408e2b8919142b&quot;, element=&quot;0.41694077529439744-29&quot;)&gt;" type="foritem">
<kw name="Get Text" library="SeleniumLibrary">
<doc>Returns the text value of element identified by ``locator``.</doc>
<arguments>
<arg>${locator}</arg>
</arguments>
<assign>
<var>${name}</var>
</assign>
<msg timestamp="20190302 21:34:02.493" level="INFO">${name} = •
11/2016</msg>
<status status="PASS" starttime="20190302 21:34:02.466" endtime="20190302 21:34:02.493"></status>
</kw>
<kw name="Append To List" library="Collections">
<doc>Adds ``values`` to the end of ``list``.</doc>
<arguments>
<arg>${result}</arg>
<arg>${name}</arg>
</arguments>
<status status="PASS" starttime="20190302 21:34:02.494" endtime="20190302 21:34:02.494"></status>
</kw>
<status status="PASS" starttime="20190302 21:34:02.466" endtime="20190302 21:34:02.494"></status>
</kw>
<kw name="${locator} = &lt;selenium.webdriver.remote.webelement.WebElement (session=&quot;76a0880fab8ec87878408e2b8919142b&quot;, element=&quot;0.41694077529439744-30&quot;)&gt;" type="foritem">
<kw name="Get Text" library="SeleniumLibrary">
<doc>Returns the text value of element identified by ``locator``.</doc>
<arguments>
<arg>${locator}</arg>
</arguments>
<assign>
<var>${name}</var>
</assign>
<msg timestamp="20190302 21:34:02.521" level="INFO">${name} = •
08/2017</msg>
<status status="PASS" starttime="20190302 21:34:02.494" endtime="20190302 21:34:02.521"></status>
</kw>
<kw name="Append To List" library="Collections">
<doc>Adds ``values`` to the end of ``list``.</doc>
<arguments>
<arg>${result}</arg>
<arg>${name}</arg>
</arguments>
<status status="PASS" starttime="20190302 21:34:02.522" endtime="20190302 21:34:02.522"></status>
</kw>
<status status="PASS" starttime="20190302 21:34:02.494" endtime="20190302 21:34:02.522"></status>
</kw>
<status status="PASS" starttime="20190302 21:34:01.831" endtime="20190302 21:34:02.522"></status>
</kw>
<kw name="Return Years Only" library="helpers.HelpLib">
<arguments>
<arg>${result}</arg>
</arguments>
<assign>
<var>${yearsSorted}</var>
</assign>
<msg timestamp="20190302 21:34:02.523" level="INFO">${yearsSorted} = [2016.0, 2016.0, 2016.0, 2017.0, 2015.0, 2017.0, 2015.0, 2017.0, 2016.0, 2017.0, 2015.0, 2016.0, 2016.0, 2016.0, 2014.0, 2016.0, 2016.0, 2018.0, 2017.0, 2017.0, 2016.0, 2016.0, 2016.0, 2017.0]</msg>
<status status="PASS" starttime="20190302 21:34:02.522" endtime="20190302 21:34:02.523"></status>
</kw>
<kw name="Registration" library="helpers.HelpLib">
<arguments>
<arg>${yearsSorted}</arg>
</arguments>
<assign>
<var>${boleanY}</var>
</assign>
<msg timestamp="20190302 21:34:02.523" level="INFO">${boleanY} = True</msg>
<status status="PASS" starttime="20190302 21:34:02.523" endtime="20190302 21:34:02.523"></status>
</kw>
<kw name="Should Be Equal As Strings" library="BuiltIn">
<doc>Fails if objects are unequal after converting them to strings.</doc>
<arguments>
<arg>${boleanY}</arg>
<arg>True</arg>
</arguments>
<msg timestamp="20190302 21:34:02.524" level="INFO">Argument types are:
&lt;class 'bool'&gt;
&lt;type 'unicode'&gt;</msg>
<status status="PASS" starttime="20190302 21:34:02.524" endtime="20190302 21:34:02.524"></status>
</kw>
<kw name="Log" library="BuiltIn">
<doc>Logs the given message with the given level.</doc>
<arguments>
<arg>${yearsSorted}</arg>
</arguments>
<msg timestamp="20190302 21:34:02.525" level="INFO">[2016.0, 2016.0, 2016.0, 2017.0, 2015.0, 2017.0, 2015.0, 2017.0, 2016.0, 2017.0, 2015.0, 2016.0, 2016.0, 2016.0, 2014.0, 2016.0, 2016.0, 2018.0, 2017.0, 2017.0, 2016.0, 2016.0, 2016.0, 2017.0]</msg>
<status status="PASS" starttime="20190302 21:34:02.524" endtime="20190302 21:34:02.525"></status>
</kw>
<kw name="Log" library="BuiltIn">
<doc>Logs the given message with the given level.</doc>
<arguments>
<arg>${boleanY}</arg>
</arguments>
<msg timestamp="20190302 21:34:02.525" level="INFO">True</msg>
<status status="PASS" starttime="20190302 21:34:02.525" endtime="20190302 21:34:02.526"></status>
</kw>
<status status="PASS" starttime="20190302 21:33:58.780" endtime="20190302 21:34:02.526"></status>
</kw>
<kw name="And Verify all Cars are Filtered By Price Descending">
<kw name="Sleep" library="BuiltIn">
<doc>Pauses the test executed for the given time.</doc>
<arguments>
<arg>2s</arg>
</arguments>
<msg timestamp="20190302 21:34:04.528" level="INFO">Slept 2 seconds</msg>
<status status="PASS" starttime="20190302 21:34:02.527" endtime="20190302 21:34:04.528"></status>
</kw>
<kw name="Get WebElements" library="SeleniumLibrary">
<doc>Returns list of WebElement objects matching the ``locator``.</doc>
<arguments>
<arg>//*[contains(@class,'totalPrice')][1]</arg>
</arguments>
<assign>
<var>@{locators}</var>
</assign>
<msg timestamp="20190302 21:34:04.562" level="INFO">@{locators} = [ &lt;selenium.webdriver.remote.webelement.WebElement (session="76a0880fab8ec87878408e2b8919142b", element="0.41694077529439744-31")&gt; | &lt;selenium.webdriver.remote.webelement.WebElement (session="76a0880f...</msg>
<status status="PASS" starttime="20190302 21:34:04.528" endtime="20190302 21:34:04.562"></status>
</kw>
<kw name="Create List" library="BuiltIn">
<doc>Returns a list containing given items.</doc>
<assign>
<var>${priceAll}</var>
</assign>
<msg timestamp="20190302 21:34:04.563" level="INFO">${priceAll} = []</msg>
<status status="PASS" starttime="20190302 21:34:04.562" endtime="20190302 21:34:04.563"></status>
</kw>
<kw name="${locator} IN [ @{locators} ]" type="for">
<kw name="${locator} = &lt;selenium.webdriver.remote.webelement.WebElement (session=&quot;76a0880fab8ec87878408e2b8919142b&quot;, element=&quot;0.41694077529439744-31&quot;)&gt;" type="foritem">
<kw name="Get Text" library="SeleniumLibrary">
<doc>Returns the text value of element identified by ``locator``.</doc>
<arguments>
<arg>${locator}</arg>
</arguments>
<assign>
<var>${name}</var>
</assign>
<msg timestamp="20190302 21:34:04.587" level="INFO">${name} = 41.490 €</msg>
<status status="PASS" starttime="20190302 21:34:04.563" endtime="20190302 21:34:04.587"></status>
</kw>
<kw name="Append To List" library="Collections">
<doc>Adds ``values`` to the end of ``list``.</doc>
<arguments>
<arg>${priceAll}</arg>
<arg>${name}</arg>
</arguments>
<status status="PASS" starttime="20190302 21:34:04.587" endtime="20190302 21:34:04.588"></status>
</kw>
<status status="PASS" starttime="20190302 21:34:04.563" endtime="20190302 21:34:04.588"></status>
</kw>
<kw name="${locator} = &lt;selenium.webdriver.remote.webelement.WebElement (session=&quot;76a0880fab8ec87878408e2b8919142b&quot;, element=&quot;0.41694077529439744-32&quot;)&gt;" type="foritem">
<kw name="Get Text" library="SeleniumLibrary">
<doc>Returns the text value of element identified by ``locator``.</doc>
<arguments>
<arg>${locator}</arg>
</arguments>
<assign>
<var>${name}</var>
</assign>
<msg timestamp="20190302 21:34:04.612" level="INFO">${name} = 39.970 €</msg>
<status status="PASS" starttime="20190302 21:34:04.588" endtime="20190302 21:34:04.612"></status>
</kw>
<kw name="Append To List" library="Collections">
<doc>Adds ``values`` to the end of ``list``.</doc>
<arguments>
<arg>${priceAll}</arg>
<arg>${name}</arg>
</arguments>
<status status="PASS" starttime="20190302 21:34:04.613" endtime="20190302 21:34:04.613"></status>
</kw>
<status status="PASS" starttime="20190302 21:34:04.588" endtime="20190302 21:34:04.613"></status>
</kw>
<kw name="${locator} = &lt;selenium.webdriver.remote.webelement.WebElement (session=&quot;76a0880fab8ec87878408e2b8919142b&quot;, element=&quot;0.41694077529439744-33&quot;)&gt;" type="foritem">
<kw name="Get Text" library="SeleniumLibrary">
<doc>Returns the text value of element identified by ``locator``.</doc>
<arguments>
<arg>${locator}</arg>
</arguments>
<assign>
<var>${name}</var>
</assign>
<msg timestamp="20190302 21:34:04.638" level="INFO">${name} = 37.900 €</msg>
<status status="PASS" starttime="20190302 21:34:04.613" endtime="20190302 21:34:04.638"></status>
</kw>
<kw name="Append To List" library="Collections">
<doc>Adds ``values`` to the end of ``list``.</doc>
<arguments>
<arg>${priceAll}</arg>
<arg>${name}</arg>
</arguments>
<status status="PASS" starttime="20190302 21:34:04.638" endtime="20190302 21:34:04.638"></status>
</kw>
<status status="PASS" starttime="20190302 21:34:04.613" endtime="20190302 21:34:04.638"></status>
</kw>
<kw name="${locator} = &lt;selenium.webdriver.remote.webelement.WebElement (session=&quot;76a0880fab8ec87878408e2b8919142b&quot;, element=&quot;0.41694077529439744-34&quot;)&gt;" type="foritem">
<kw name="Get Text" library="SeleniumLibrary">
<doc>Returns the text value of element identified by ``locator``.</doc>
<arguments>
<arg>${locator}</arg>
</arguments>
<assign>
<var>${name}</var>
</assign>
<msg timestamp="20190302 21:34:04.664" level="INFO">${name} = 37.490 €</msg>
<status status="PASS" starttime="20190302 21:34:04.639" endtime="20190302 21:34:04.664"></status>
</kw>
<kw name="Append To List" library="Collections">
<doc>Adds ``values`` to the end of ``list``.</doc>
<arguments>
<arg>${priceAll}</arg>
<arg>${name}</arg>
</arguments>
<status status="PASS" starttime="20190302 21:34:04.664" endtime="20190302 21:34:04.664"></status>
</kw>
<status status="PASS" starttime="20190302 21:34:04.639" endtime="20190302 21:34:04.664"></status>
</kw>
<kw name="${locator} = &lt;selenium.webdriver.remote.webelement.WebElement (session=&quot;76a0880fab8ec87878408e2b8919142b&quot;, element=&quot;0.41694077529439744-35&quot;)&gt;" type="foritem">
<kw name="Get Text" library="SeleniumLibrary">
<doc>Returns the text value of element identified by ``locator``.</doc>
<arguments>
<arg>${locator}</arg>
</arguments>
<assign>
<var>${name}</var>
</assign>
<msg timestamp="20190302 21:34:04.689" level="INFO">${name} = 35.900 €</msg>
<status status="PASS" starttime="20190302 21:34:04.665" endtime="20190302 21:34:04.689"></status>
</kw>
<kw name="Append To List" library="Collections">
<doc>Adds ``values`` to the end of ``list``.</doc>
<arguments>
<arg>${priceAll}</arg>
<arg>${name}</arg>
</arguments>
<status status="PASS" starttime="20190302 21:34:04.690" endtime="20190302 21:34:04.690"></status>
</kw>
<status status="PASS" starttime="20190302 21:34:04.665" endtime="20190302 21:34:04.690"></status>
</kw>
<kw name="${locator} = &lt;selenium.webdriver.remote.webelement.WebElement (session=&quot;76a0880fab8ec87878408e2b8919142b&quot;, element=&quot;0.41694077529439744-36&quot;)&gt;" type="foritem">
<kw name="Get Text" library="SeleniumLibrary">
<doc>Returns the text value of element identified by ``locator``.</doc>
<arguments>
<arg>${locator}</arg>
</arguments>
<assign>
<var>${name}</var>
</assign>
<msg timestamp="20190302 21:34:04.715" level="INFO">${name} = 35.490 €</msg>
<status status="PASS" starttime="20190302 21:34:04.691" endtime="20190302 21:34:04.715"></status>
</kw>
<kw name="Append To List" library="Collections">
<doc>Adds ``values`` to the end of ``list``.</doc>
<arguments>
<arg>${priceAll}</arg>
<arg>${name}</arg>
</arguments>
<status status="PASS" starttime="20190302 21:34:04.715" endtime="20190302 21:34:04.716"></status>
</kw>
<status status="PASS" starttime="20190302 21:34:04.691" endtime="20190302 21:34:04.716"></status>
</kw>
<kw name="${locator} = &lt;selenium.webdriver.remote.webelement.WebElement (session=&quot;76a0880fab8ec87878408e2b8919142b&quot;, element=&quot;0.41694077529439744-37&quot;)&gt;" type="foritem">
<kw name="Get Text" library="SeleniumLibrary">
<doc>Returns the text value of element identified by ``locator``.</doc>
<arguments>
<arg>${locator}</arg>
</arguments>
<assign>
<var>${name}</var>
</assign>
<msg timestamp="20190302 21:34:04.741" level="INFO">${name} = 35.450 €</msg>
<status status="PASS" starttime="20190302 21:34:04.716" endtime="20190302 21:34:04.741"></status>
</kw>
<kw name="Append To List" library="Collections">
<doc>Adds ``values`` to the end of ``list``.</doc>
<arguments>
<arg>${priceAll}</arg>
<arg>${name}</arg>
</arguments>
<status status="PASS" starttime="20190302 21:34:04.741" endtime="20190302 21:34:04.742"></status>
</kw>
<status status="PASS" starttime="20190302 21:34:04.716" endtime="20190302 21:34:04.742"></status>
</kw>
<kw name="${locator} = &lt;selenium.webdriver.remote.webelement.WebElement (session=&quot;76a0880fab8ec87878408e2b8919142b&quot;, element=&quot;0.41694077529439744-38&quot;)&gt;" type="foritem">
<kw name="Get Text" library="SeleniumLibrary">
<doc>Returns the text value of element identified by ``locator``.</doc>
<arguments>
<arg>${locator}</arg>
</arguments>
<assign>
<var>${name}</var>
</assign>
<msg timestamp="20190302 21:34:04.768" level="INFO">${name} = 34.880 €</msg>
<status status="PASS" starttime="20190302 21:34:04.742" endtime="20190302 21:34:04.768"></status>
</kw>
<kw name="Append To List" library="Collections">
<doc>Adds ``values`` to the end of ``list``.</doc>
<arguments>
<arg>${priceAll}</arg>
<arg>${name}</arg>
</arguments>
<status status="PASS" starttime="20190302 21:34:04.768" endtime="20190302 21:34:04.769"></status>
</kw>
<status status="PASS" starttime="20190302 21:34:04.742" endtime="20190302 21:34:04.769"></status>
</kw>
<kw name="${locator} = &lt;selenium.webdriver.remote.webelement.WebElement (session=&quot;76a0880fab8ec87878408e2b8919142b&quot;, element=&quot;0.41694077529439744-39&quot;)&gt;" type="foritem">
<kw name="Get Text" library="SeleniumLibrary">
<doc>Returns the text value of element identified by ``locator``.</doc>
<arguments>
<arg>${locator}</arg>
</arguments>
<assign>
<var>${name}</var>
</assign>
<msg timestamp="20190302 21:34:04.794" level="INFO">${name} = 34.490 €</msg>
<status status="PASS" starttime="20190302 21:34:04.769" endtime="20190302 21:34:04.794"></status>
</kw>
<kw name="Append To List" library="Collections">
<doc>Adds ``values`` to the end of ``list``.</doc>
<arguments>
<arg>${priceAll}</arg>
<arg>${name}</arg>
</arguments>
<status status="PASS" starttime="20190302 21:34:04.795" endtime="20190302 21:34:04.795"></status>
</kw>
<status status="PASS" starttime="20190302 21:34:04.769" endtime="20190302 21:34:04.795"></status>
</kw>
<kw name="${locator} = &lt;selenium.webdriver.remote.webelement.WebElement (session=&quot;76a0880fab8ec87878408e2b8919142b&quot;, element=&quot;0.41694077529439744-40&quot;)&gt;" type="foritem">
<kw name="Get Text" library="SeleniumLibrary">
<doc>Returns the text value of element identified by ``locator``.</doc>
<arguments>
<arg>${locator}</arg>
</arguments>
<assign>
<var>${name}</var>
</assign>
<msg timestamp="20190302 21:34:04.827" level="INFO">${name} = 34.390 €</msg>
<status status="PASS" starttime="20190302 21:34:04.795" endtime="20190302 21:34:04.827"></status>
</kw>
<kw name="Append To List" library="Collections">
<doc>Adds ``values`` to the end of ``list``.</doc>
<arguments>
<arg>${priceAll}</arg>
<arg>${name}</arg>
</arguments>
<status status="PASS" starttime="20190302 21:34:04.827" endtime="20190302 21:34:04.827"></status>
</kw>
<status status="PASS" starttime="20190302 21:34:04.795" endtime="20190302 21:34:04.827"></status>
</kw>
<kw name="${locator} = &lt;selenium.webdriver.remote.webelement.WebElement (session=&quot;76a0880fab8ec87878408e2b8919142b&quot;, element=&quot;0.41694077529439744-41&quot;)&gt;" type="foritem">
<kw name="Get Text" library="SeleniumLibrary">
<doc>Returns the text value of element identified by ``locator``.</doc>
<arguments>
<arg>${locator}</arg>
</arguments>
<assign>
<var>${name}</var>
</assign>
<msg timestamp="20190302 21:34:04.854" level="INFO">${name} = 33.990 €</msg>
<status status="PASS" starttime="20190302 21:34:04.828" endtime="20190302 21:34:04.854"></status>
</kw>
<kw name="Append To List" library="Collections">
<doc>Adds ``values`` to the end of ``list``.</doc>
<arguments>
<arg>${priceAll}</arg>
<arg>${name}</arg>
</arguments>
<status status="PASS" starttime="20190302 21:34:04.855" endtime="20190302 21:34:04.855"></status>
</kw>
<status status="PASS" starttime="20190302 21:34:04.827" endtime="20190302 21:34:04.855"></status>
</kw>
<kw name="${locator} = &lt;selenium.webdriver.remote.webelement.WebElement (session=&quot;76a0880fab8ec87878408e2b8919142b&quot;, element=&quot;0.41694077529439744-42&quot;)&gt;" type="foritem">
<kw name="Get Text" library="SeleniumLibrary">
<doc>Returns the text value of element identified by ``locator``.</doc>
<arguments>
<arg>${locator}</arg>
</arguments>
<assign>
<var>${name}</var>
</assign>
<msg timestamp="20190302 21:34:04.881" level="INFO">${name} = 33.900 €</msg>
<status status="PASS" starttime="20190302 21:34:04.855" endtime="20190302 21:34:04.881"></status>
</kw>
<kw name="Append To List" library="Collections">
<doc>Adds ``values`` to the end of ``list``.</doc>
<arguments>
<arg>${priceAll}</arg>
<arg>${name}</arg>
</arguments>
<status status="PASS" starttime="20190302 21:34:04.881" endtime="20190302 21:34:04.882"></status>
</kw>
<status status="PASS" starttime="20190302 21:34:04.855" endtime="20190302 21:34:04.882"></status>
</kw>
<kw name="${locator} = &lt;selenium.webdriver.remote.webelement.WebElement (session=&quot;76a0880fab8ec87878408e2b8919142b&quot;, element=&quot;0.41694077529439744-43&quot;)&gt;" type="foritem">
<kw name="Get Text" library="SeleniumLibrary">
<doc>Returns the text value of element identified by ``locator``.</doc>
<arguments>
<arg>${locator}</arg>
</arguments>
<assign>
<var>${name}</var>
</assign>
<msg timestamp="20190302 21:34:04.907" level="INFO">${name} = 33.890 €</msg>
<status status="PASS" starttime="20190302 21:34:04.882" endtime="20190302 21:34:04.908"></status>
</kw>
<kw name="Append To List" library="Collections">
<doc>Adds ``values`` to the end of ``list``.</doc>
<arguments>
<arg>${priceAll}</arg>
<arg>${name}</arg>
</arguments>
<status status="PASS" starttime="20190302 21:34:04.908" endtime="20190302 21:34:04.908"></status>
</kw>
<status status="PASS" starttime="20190302 21:34:04.882" endtime="20190302 21:34:04.908"></status>
</kw>
<kw name="${locator} = &lt;selenium.webdriver.remote.webelement.WebElement (session=&quot;76a0880fab8ec87878408e2b8919142b&quot;, element=&quot;0.41694077529439744-44&quot;)&gt;" type="foritem">
<kw name="Get Text" library="SeleniumLibrary">
<doc>Returns the text value of element identified by ``locator``.</doc>
<arguments>
<arg>${locator}</arg>
</arguments>
<assign>
<var>${name}</var>
</assign>
<msg timestamp="20190302 21:34:04.933" level="INFO">${name} = 33.890 €</msg>
<status status="PASS" starttime="20190302 21:34:04.909" endtime="20190302 21:34:04.934"></status>
</kw>
<kw name="Append To List" library="Collections">
<doc>Adds ``values`` to the end of ``list``.</doc>
<arguments>
<arg>${priceAll}</arg>
<arg>${name}</arg>
</arguments>
<status status="PASS" starttime="20190302 21:34:04.934" endtime="20190302 21:34:04.934"></status>
</kw>
<status status="PASS" starttime="20190302 21:34:04.908" endtime="20190302 21:34:04.934"></status>
</kw>
<kw name="${locator} = &lt;selenium.webdriver.remote.webelement.WebElement (session=&quot;76a0880fab8ec87878408e2b8919142b&quot;, element=&quot;0.41694077529439744-45&quot;)&gt;" type="foritem">
<kw name="Get Text" library="SeleniumLibrary">
<doc>Returns the text value of element identified by ``locator``.</doc>
<arguments>
<arg>${locator}</arg>
</arguments>
<assign>
<var>${name}</var>
</assign>
<msg timestamp="20190302 21:34:04.959" level="INFO">${name} = 33.490 €</msg>
<status status="PASS" starttime="20190302 21:34:04.935" endtime="20190302 21:34:04.959"></status>
</kw>
<kw name="Append To List" library="Collections">
<doc>Adds ``values`` to the end of ``list``.</doc>
<arguments>
<arg>${priceAll}</arg>
<arg>${name}</arg>
</arguments>
<status status="PASS" starttime="20190302 21:34:04.960" endtime="20190302 21:34:04.960"></status>
</kw>
<status status="PASS" starttime="20190302 21:34:04.934" endtime="20190302 21:34:04.960"></status>
</kw>
<kw name="${locator} = &lt;selenium.webdriver.remote.webelement.WebElement (session=&quot;76a0880fab8ec87878408e2b8919142b&quot;, element=&quot;0.41694077529439744-46&quot;)&gt;" type="foritem">
<kw name="Get Text" library="SeleniumLibrary">
<doc>Returns the text value of element identified by ``locator``.</doc>
<arguments>
<arg>${locator}</arg>
</arguments>
<assign>
<var>${name}</var>
</assign>
<msg timestamp="20190302 21:34:04.986" level="INFO">${name} = 32.990 €</msg>
<status status="PASS" starttime="20190302 21:34:04.961" endtime="20190302 21:34:04.986"></status>
</kw>
<kw name="Append To List" library="Collections">
<doc>Adds ``values`` to the end of ``list``.</doc>
<arguments>
<arg>${priceAll}</arg>
<arg>${name}</arg>
</arguments>
<status status="PASS" starttime="20190302 21:34:04.986" endtime="20190302 21:34:04.987"></status>
</kw>
<status status="PASS" starttime="20190302 21:34:04.961" endtime="20190302 21:34:04.987"></status>
</kw>
<kw name="${locator} = &lt;selenium.webdriver.remote.webelement.WebElement (session=&quot;76a0880fab8ec87878408e2b8919142b&quot;, element=&quot;0.41694077529439744-47&quot;)&gt;" type="foritem">
<kw name="Get Text" library="SeleniumLibrary">
<doc>Returns the text value of element identified by ``locator``.</doc>
<arguments>
<arg>${locator}</arg>
</arguments>
<assign>
<var>${name}</var>
</assign>
<msg timestamp="20190302 21:34:05.012" level="INFO">${name} = 32.990 €</msg>
<status status="PASS" starttime="20190302 21:34:04.987" endtime="20190302 21:34:05.012"></status>
</kw>
<kw name="Append To List" library="Collections">
<doc>Adds ``values`` to the end of ``list``.</doc>
<arguments>
<arg>${priceAll}</arg>
<arg>${name}</arg>
</arguments>
<status status="PASS" starttime="20190302 21:34:05.012" endtime="20190302 21:34:05.013"></status>
</kw>
<status status="PASS" starttime="20190302 21:34:04.987" endtime="20190302 21:34:05.013"></status>
</kw>
<kw name="${locator} = &lt;selenium.webdriver.remote.webelement.WebElement (session=&quot;76a0880fab8ec87878408e2b8919142b&quot;, element=&quot;0.41694077529439744-48&quot;)&gt;" type="foritem">
<kw name="Get Text" library="SeleniumLibrary">
<doc>Returns the text value of element identified by ``locator``.</doc>
<arguments>
<arg>${locator}</arg>
</arguments>
<assign>
<var>${name}</var>
</assign>
<msg timestamp="20190302 21:34:05.039" level="INFO">${name} = 32.990 €</msg>
<status status="PASS" starttime="20190302 21:34:05.013" endtime="20190302 21:34:05.039"></status>
</kw>
<kw name="Append To List" library="Collections">
<doc>Adds ``values`` to the end of ``list``.</doc>
<arguments>
<arg>${priceAll}</arg>
<arg>${name}</arg>
</arguments>
<status status="PASS" starttime="20190302 21:34:05.039" endtime="20190302 21:34:05.040"></status>
</kw>
<status status="PASS" starttime="20190302 21:34:05.013" endtime="20190302 21:34:05.040"></status>
</kw>
<kw name="${locator} = &lt;selenium.webdriver.remote.webelement.WebElement (session=&quot;76a0880fab8ec87878408e2b8919142b&quot;, element=&quot;0.41694077529439744-49&quot;)&gt;" type="foritem">
<kw name="Get Text" library="SeleniumLibrary">
<doc>Returns the text value of element identified by ``locator``.</doc>
<arguments>
<arg>${locator}</arg>
</arguments>
<assign>
<var>${name}</var>
</assign>
<msg timestamp="20190302 21:34:05.066" level="INFO">${name} = 32.950 €</msg>
<status status="PASS" starttime="20190302 21:34:05.040" endtime="20190302 21:34:05.066"></status>
</kw>
<kw name="Append To List" library="Collections">
<doc>Adds ``values`` to the end of ``list``.</doc>
<arguments>
<arg>${priceAll}</arg>
<arg>${name}</arg>
</arguments>
<status status="PASS" starttime="20190302 21:34:05.067" endtime="20190302 21:34:05.067"></status>
</kw>
<status status="PASS" starttime="20190302 21:34:05.040" endtime="20190302 21:34:05.067"></status>
</kw>
<kw name="${locator} = &lt;selenium.webdriver.remote.webelement.WebElement (session=&quot;76a0880fab8ec87878408e2b8919142b&quot;, element=&quot;0.41694077529439744-50&quot;)&gt;" type="foritem">
<kw name="Get Text" library="SeleniumLibrary">
<doc>Returns the text value of element identified by ``locator``.</doc>
<arguments>
<arg>${locator}</arg>
</arguments>
<assign>
<var>${name}</var>
</assign>
<msg timestamp="20190302 21:34:05.092" level="INFO">${name} = 32.490 €</msg>
<status status="PASS" starttime="20190302 21:34:05.067" endtime="20190302 21:34:05.093"></status>
</kw>
<kw name="Append To List" library="Collections">
<doc>Adds ``values`` to the end of ``list``.</doc>
<arguments>
<arg>${priceAll}</arg>
<arg>${name}</arg>
</arguments>
<status status="PASS" starttime="20190302 21:34:05.093" endtime="20190302 21:34:05.093"></status>
</kw>
<status status="PASS" starttime="20190302 21:34:05.067" endtime="20190302 21:34:05.093"></status>
</kw>
<kw name="${locator} = &lt;selenium.webdriver.remote.webelement.WebElement (session=&quot;76a0880fab8ec87878408e2b8919142b&quot;, element=&quot;0.41694077529439744-51&quot;)&gt;" type="foritem">
<kw name="Get Text" library="SeleniumLibrary">
<doc>Returns the text value of element identified by ``locator``.</doc>
<arguments>
<arg>${locator}</arg>
</arguments>
<assign>
<var>${name}</var>
</assign>
<msg timestamp="20190302 21:34:05.119" level="INFO">${name} = 32.490 €</msg>
<status status="PASS" starttime="20190302 21:34:05.094" endtime="20190302 21:34:05.119"></status>
</kw>
<kw name="Append To List" library="Collections">
<doc>Adds ``values`` to the end of ``list``.</doc>
<arguments>
<arg>${priceAll}</arg>
<arg>${name}</arg>
</arguments>
<status status="PASS" starttime="20190302 21:34:05.120" endtime="20190302 21:34:05.120"></status>
</kw>
<status status="PASS" starttime="20190302 21:34:05.093" endtime="20190302 21:34:05.120"></status>
</kw>
<kw name="${locator} = &lt;selenium.webdriver.remote.webelement.WebElement (session=&quot;76a0880fab8ec87878408e2b8919142b&quot;, element=&quot;0.41694077529439744-52&quot;)&gt;" type="foritem">
<kw name="Get Text" library="SeleniumLibrary">
<doc>Returns the text value of element identified by ``locator``.</doc>
<arguments>
<arg>${locator}</arg>
</arguments>
<assign>
<var>${name}</var>
</assign>
<msg timestamp="20190302 21:34:05.148" level="INFO">${name} = 32.444 €</msg>
<status status="PASS" starttime="20190302 21:34:05.120" endtime="20190302 21:34:05.148"></status>
</kw>
<kw name="Append To List" library="Collections">
<doc>Adds ``values`` to the end of ``list``.</doc>
<arguments>
<arg>${priceAll}</arg>
<arg>${name}</arg>
</arguments>
<status status="PASS" starttime="20190302 21:34:05.148" endtime="20190302 21:34:05.149"></status>
</kw>
<status status="PASS" starttime="20190302 21:34:05.120" endtime="20190302 21:34:05.149"></status>
</kw>
<kw name="${locator} = &lt;selenium.webdriver.remote.webelement.WebElement (session=&quot;76a0880fab8ec87878408e2b8919142b&quot;, element=&quot;0.41694077529439744-53&quot;)&gt;" type="foritem">
<kw name="Get Text" library="SeleniumLibrary">
<doc>Returns the text value of element identified by ``locator``.</doc>
<arguments>
<arg>${locator}</arg>
</arguments>
<assign>
<var>${name}</var>
</assign>
<msg timestamp="20190302 21:34:05.174" level="INFO">${name} = 32.190 €</msg>
<status status="PASS" starttime="20190302 21:34:05.149" endtime="20190302 21:34:05.174"></status>
</kw>
<kw name="Append To List" library="Collections">
<doc>Adds ``values`` to the end of ``list``.</doc>
<arguments>
<arg>${priceAll}</arg>
<arg>${name}</arg>
</arguments>
<status status="PASS" starttime="20190302 21:34:05.175" endtime="20190302 21:34:05.175"></status>
</kw>
<status status="PASS" starttime="20190302 21:34:05.149" endtime="20190302 21:34:05.175"></status>
</kw>
<kw name="${locator} = &lt;selenium.webdriver.remote.webelement.WebElement (session=&quot;76a0880fab8ec87878408e2b8919142b&quot;, element=&quot;0.41694077529439744-54&quot;)&gt;" type="foritem">
<kw name="Get Text" library="SeleniumLibrary">
<doc>Returns the text value of element identified by ``locator``.</doc>
<arguments>
<arg>${locator}</arg>
</arguments>
<assign>
<var>${name}</var>
</assign>
<msg timestamp="20190302 21:34:05.201" level="INFO">${name} = 31.890 €</msg>
<status status="PASS" starttime="20190302 21:34:05.176" endtime="20190302 21:34:05.201"></status>
</kw>
<kw name="Append To List" library="Collections">
<doc>Adds ``values`` to the end of ``list``.</doc>
<arguments>
<arg>${priceAll}</arg>
<arg>${name}</arg>
</arguments>
<status status="PASS" starttime="20190302 21:34:05.201" endtime="20190302 21:34:05.202"></status>
</kw>
<status status="PASS" starttime="20190302 21:34:05.175" endtime="20190302 21:34:05.202"></status>
</kw>
<status status="PASS" starttime="20190302 21:34:04.563" endtime="20190302 21:34:05.202"></status>
</kw>
<kw name="Return Price Only" library="helpers.HelpLib">
<arguments>
<arg>${priceAll}</arg>
</arguments>
<assign>
<var>${prices}</var>
</assign>
<msg timestamp="20190302 21:34:05.203" level="INFO">${prices} = [41.49, 39.97, 37.9, 37.49, 35.9, 35.49, 35.45, 34.88, 34.49, 34.39, 33.99, 33.9, 33.89, 33.89, 33.49, 32.99, 32.99, 32.99, 32.95, 32.49, 32.49, 32.44, 32.19, 31.89]</msg>
<status status="PASS" starttime="20190302 21:34:05.202" endtime="20190302 21:34:05.204"></status>
</kw>
<kw name="Sorted List" library="helpers.HelpLib">
<arguments>
<arg>${prices}</arg>
</arguments>
<assign>
<var>${sortPrices}</var>
</assign>
<msg timestamp="20190302 21:34:05.204" level="INFO">${sortPrices} = True</msg>
<status status="PASS" starttime="20190302 21:34:05.204" endtime="20190302 21:34:05.204"></status>
</kw>
<kw name="Should Be Equal As Strings" library="BuiltIn">
<doc>Fails if objects are unequal after converting them to strings.</doc>
<arguments>
<arg>${sortPrices}</arg>
<arg>True</arg>
</arguments>
<msg timestamp="20190302 21:34:05.205" level="INFO">Argument types are:
&lt;class 'bool'&gt;
&lt;type 'unicode'&gt;</msg>
<status status="PASS" starttime="20190302 21:34:05.204" endtime="20190302 21:34:05.205"></status>
</kw>
<kw name="Log" library="BuiltIn">
<doc>Logs the given message with the given level.</doc>
<arguments>
<arg>${prices}</arg>
</arguments>
<msg timestamp="20190302 21:34:05.205" level="INFO">[41.49, 39.97, 37.9, 37.49, 35.9, 35.49, 35.45, 34.88, 34.49, 34.39, 33.99, 33.9, 33.89, 33.89, 33.49, 32.99, 32.99, 32.99, 32.95, 32.49, 32.49, 32.44, 32.19, 31.89]</msg>
<status status="PASS" starttime="20190302 21:34:05.205" endtime="20190302 21:34:05.205"></status>
</kw>
<kw name="Log" library="BuiltIn">
<doc>Logs the given message with the given level.</doc>
<arguments>
<arg>${priceAll}</arg>
</arguments>
<msg timestamp="20190302 21:34:05.206" level="INFO">['41.490 €', '39.970 €', '37.900 €', '37.490 €', '35.900 €', '35.490 €', '35.450 €', '34.880 €', '34.490 €', '34.390 €', '33.990 €', '33.900 €', '33.890 €', '33.890 €', '33.490 €', '32.990 €', '32.990 €', '32.990 €', '32.950 €', '32.490 €', '32.490 €', '32.444 €', '32.190 €', '31.890 €']</msg>
<status status="PASS" starttime="20190302 21:34:05.206" endtime="20190302 21:34:05.206"></status>
</kw>
<status status="PASS" starttime="20190302 21:34:02.526" endtime="20190302 21:34:05.207"></status>
</kw>
<status status="PASS" starttime="20190302 21:33:43.607" endtime="20190302 21:34:05.207" critical="yes"></status>
</test>
<kw name="Close Browser" library="SeleniumLibrary" type="teardown">
<doc>Closes the current browser.</doc>
<status status="PASS" starttime="20190302 21:34:05.209" endtime="20190302 21:34:07.526"></status>
</kw>
<doc>Auto1/QA Task</doc>
<status status="PASS" starttime="20190302 21:33:35.801" endtime="20190302 21:34:07.526"></status>
</suite>
<statistics>
<total>
<stat pass="1" fail="0">Critical Tests</stat>
<stat pass="1" fail="0">All Tests</stat>
</total>
<tag>
</tag>
<suite>
<stat pass="1" fail="0" id="s1" name="TestCases">TestCases</stat>
</suite>
</statistics>
<errors>
</errors>
</robot>
